<?xml version="1.0" encoding="UTF-8"?>
<!-- Generated by org.testng.reporters.JUnitReportReporter -->
<testsuite skipped="0" hostname="SR-C02ZM0XQLVDQ" name="adPortalTestNGTestRunners.AdPortal_CreateCampaign_TestRunner" tests="1" failures="0" timestamp="2021-03-30T10:08:25 MDT" time="76.636" errors="0">
  <testcase name="runScenario" time="76.636" classname="adPortalTestNGTestRunners.AdPortal_CreateCampaign_TestRunner"/>
  <system-out/>
</testsuite> <!-- adPortalTestNGTestRunners.AdPortal_CreateCampaign_TestRunner -->
