<?xml version="1.0" encoding="UTF-8"?>
<!-- Generated by org.testng.reporters.JUnitReportReporter -->
<testsuite skipped="0" hostname="SR-C02ZM0XQLVDQ" name="adPortalTestNGTestRunners.AdPortal_NewCustomer_SSU_LogIn_TestRunner" tests="2" failures="0" timestamp="2021-03-30T13:05:24 MDT" time="52.620" errors="0">
  <testcase name="runScenario" time="20.068" classname="adPortalTestNGTestRunners.AdPortal_NewCustomer_SSU_LogIn_TestRunner"/>
  <system-out/>
  <testcase name="runScenario" time="32.552" classname="adPortalTestNGTestRunners.AdPortal_NewCustomer_SSU_LogIn_TestRunner"/>
  <system-out/>
</testsuite> <!-- adPortalTestNGTestRunners.AdPortal_NewCustomer_SSU_LogIn_TestRunner -->
