<?xml version="1.0" encoding="UTF-8"?>
<!-- Generated by org.testng.reporters.JUnitReportReporter -->
<testsuite skipped="0" hostname="SR-C02ZM0XQLVDQ" name="adPortalTestNGTestRunners.AdPortal_LogIn_TestRunner" tests="3" failures="0" timestamp="2021-03-30T09:52:56 MDT" time="34.550" errors="0">
  <testcase name="runScenario" time="16.319" classname="adPortalTestNGTestRunners.AdPortal_LogIn_TestRunner"/>
  <system-out/>
  <testcase name="runScenario" time="6.836" classname="adPortalTestNGTestRunners.AdPortal_LogIn_TestRunner"/>
  <system-out/>
  <testcase name="runScenario" time="11.395" classname="adPortalTestNGTestRunners.AdPortal_LogIn_TestRunner"/>
  <system-out/>
</testsuite> <!-- adPortalTestNGTestRunners.AdPortal_LogIn_TestRunner -->
