<?xml version="1.0" encoding="UTF-8"?>
<!-- Generated by org.testng.reporters.JUnitReportReporter -->
<testsuite skipped="0" hostname="SR-C02ZM0XQLVDQ" name="adPortalTestNGTestRunners.AdPortal_AlternativePackages_TestRunner" tests="2" failures="0" timestamp="2021-03-30T10:55:45 MDT" time="96.883" errors="0">
  <testcase name="runScenario" time="47.190" classname="adPortalTestNGTestRunners.AdPortal_AlternativePackages_TestRunner"/>
  <system-out/>
  <testcase name="runScenario" time="49.693" classname="adPortalTestNGTestRunners.AdPortal_AlternativePackages_TestRunner"/>
  <system-out/>
</testsuite> <!-- adPortalTestNGTestRunners.AdPortal_AlternativePackages_TestRunner -->
