<?xml version="1.0" encoding="UTF-8"?>
<!-- Generated by org.testng.reporters.JUnitReportReporter -->
<testsuite skipped="0" hostname="SR-C02ZM0XQLVDQ" name="audienceAppTestNG_TestRunner.AudienceApp_Interconnect_TestRunner" tests="4" failures="0" timestamp="2021-04-06T18:06:15 MDT" time="545.062" errors="0">
  <testcase name="runScenario" time="95.742" classname="audienceAppTestNG_TestRunner.AudienceApp_Interconnect_TestRunner"/>
  <system-out/>
  <testcase name="runScenario" time="90.891" classname="audienceAppTestNG_TestRunner.AudienceApp_Interconnect_TestRunner"/>
  <system-out/>
  <testcase name="runScenario" time="162.916" classname="audienceAppTestNG_TestRunner.AudienceApp_Interconnect_TestRunner"/>
  <system-out/>
  <testcase name="runScenario" time="195.513" classname="audienceAppTestNG_TestRunner.AudienceApp_Interconnect_TestRunner"/>
  <system-out/>
</testsuite> <!-- audienceAppTestNG_TestRunner.AudienceApp_Interconnect_TestRunner -->
