<?xml version="1.0" encoding="UTF-8"?>
<!-- Generated by org.testng.reporters.JUnitReportReporter -->
<testsuite skipped="0" hostname="SR-C02ZM0XQLVDQ" name="audienceAppTestNG_TestRunner.AudienceApp_CPMGoal_TestRunner" tests="2" failures="0" timestamp="2021-04-08T14:20:08 MDT" time="135.256" errors="0">
  <testcase name="runScenario" time="70.724" classname="audienceAppTestNG_TestRunner.AudienceApp_CPMGoal_TestRunner"/>
  <system-out/>
  <testcase name="runScenario" time="64.532" classname="audienceAppTestNG_TestRunner.AudienceApp_CPMGoal_TestRunner"/>
  <system-out/>
</testsuite> <!-- audienceAppTestNG_TestRunner.AudienceApp_CPMGoal_TestRunner -->
